Using pre-set license
Built from '2020.2/staging' branch; Version is '2020.2.3f1 (8ff31bc5bf5b) revision 9433883'; Using compiler version '192528614'; Build Type 'Release'
OS: 'Windows 10 Home; OS build 19041.804; Version 2004; 64bit' Language: 'en' Physical Memory: 8141 MB
BatchMode: 1, IsHumanControllingUs: 0, StartBugReporterOnCrash: 0, Is64bit: 1, IsPro: 0

 COMMAND LINE ARGUMENTS:
C:\Program Files\Unity\Hub\Editor\2020.2.3f1\Editor\Unity.exe
-adb2
-batchMode
-noUpm
-name
AssetImportWorker0
-projectPath
C:/Users/Denis/Documents/RyhtmVRGAME/RythmVR
-logFile
Logs/AssetImportWorker0.log
-srvPort
61652
Successfully changed project path to: C:/Users/Denis/Documents/RyhtmVRGAME/RythmVR
C:/Users/Denis/Documents/RyhtmVRGAME/RythmVR
Using Asset Import Pipeline V2.
Refreshing native plugins compatible for Editor in 39.92 ms, found 5 plugins.
Preloading 0 native plugins for Editor in 0.00 ms.
Initialize engine version: 2020.2.3f1 (8ff31bc5bf5b)
[Subsystems] Discovering subsystems at path C:/Program Files/Unity/Hub/Editor/2020.2.3f1/Editor/Data/Resources/UnitySubsystems
[Subsystems] Discovering subsystems at path C:/Users/Denis/Documents/RyhtmVRGAME/RythmVR/Assets
GfxDevice: creating device client; threaded=0
Direct3D:
    Version:  Direct3D 11.0 [level 11.1]
    Renderer: NVIDIA GeForce GTX 970 (ID=0x13c2)
    Vendor:   
    VRAM:     4043 MB
    Driver:   27.21.14.5671
Initialize mono
Mono path[0] = 'C:/Program Files/Unity/Hub/Editor/2020.2.3f1/Editor/Data/Managed'
Mono path[1] = 'C:/Program Files/Unity/Hub/Editor/2020.2.3f1/Editor/Data/MonoBleedingEdge/lib/mono/unityjit'
Mono config path = 'C:/Program Files/Unity/Hub/Editor/2020.2.3f1/Editor/Data/MonoBleedingEdge/etc'
Using monoOptions --debugger-agent=transport=dt_socket,embedding=1,server=y,suspend=n,address=127.0.0.1:56932
Begin MonoManager ReloadAssembly
Registering precompiled unity dll's ...
Register platform support module: C:/Program Files/Unity/Hub/Editor/2020.2.3f1/Editor/Data/PlaybackEngines/WindowsStandaloneSupport/UnityEditor.WindowsStandalone.Extensions.dll
Registered in 0.002428 seconds.
Native extension for WindowsStandalone target not found
Refreshing native plugins compatible for Editor in 33.35 ms, found 5 plugins.
Preloading 0 native plugins for Editor in 0.00 ms.
Invoked RoslynAnalysisRunner static constructor.
RoslynAnalysisRunner will not be running.
RoslynAnalysisRunner has terminated.
Mono: successfully reloaded assembly
- Completed reload, in  1.260 seconds
Platform modules already initialized, skipping
Registering precompiled user dll's ...
Registered in 0.003758 seconds.
Begin MonoManager ReloadAssembly
Native extension for WindowsStandalone target not found
Refreshing native plugins compatible for Editor in 33.11 ms, found 5 plugins.
Preloading 0 native plugins for Editor in 0.00 ms.
Invoked RoslynAnalysisRunner static constructor.
RoslynAnalysisRunner will not be running.
RoslynAnalysisRunner has terminated.
Mono: successfully reloaded assembly
- Completed reload, in  1.136 seconds
Platform modules already initialized, skipping
========================================================================
Worker process is ready to serve import requests
Launched and connected shader compiler UnityShaderCompiler.exe after 0.06 seconds
Refreshing native plugins compatible for Editor in 0.45 ms, found 5 plugins.
Preloading 0 native plugins for Editor in 0.00 ms.
Unloading 1559 Unused Serialized files (Serialized files now loaded: 0)
System memory in use before: 75.3 MB.
System memory in use after: 75.2 MB.

Unloading 26 unused Assets to reduce memory usage. Loaded Objects now: 1993.
Total: 2.441800 ms (FindLiveObjects: 0.177400 ms CreateObjectMapping: 0.084000 ms MarkObjects: 2.099000 ms  DeleteObjects: 0.080000 ms)

========================================================================
Received Import Request.
  path: Assets/XR/Settings/Open XR Package Settings.asset
  artifactKey: Guid(28793055f78f82d468ffaf20d88382be) Importer(815301076,1909f56bfc062723c751e8b465ee728b)
Start importing Assets/XR/Settings/Open XR Package Settings.asset using Guid(28793055f78f82d468ffaf20d88382be) Importer(815301076,1909f56bfc062723c751e8b465ee728b)  -> (artifact id: '89d16eca88642cd602eef9387aa3de8e') in 0.061661 seconds
  Import took 0.064550 seconds .

========================================================================
Received Import Request.
  Time since last request: 0.000717 seconds.
  path: Assets/XR/Settings
  artifactKey: Guid(b9e2a4504c9cd0d49bc98e368c276f77) Importer(815301076,1909f56bfc062723c751e8b465ee728b)
Start importing Assets/XR/Settings using Guid(b9e2a4504c9cd0d49bc98e368c276f77) Importer(815301076,1909f56bfc062723c751e8b465ee728b)  -> (artifact id: '378187fdb99de3039bd2be19b971b8f5') in 0.007760 seconds
  Import took 0.010265 seconds .

========================================================================
Received Import Request.
  Time since last request: 0.000151 seconds.
  path: Assets/XR
  artifactKey: Guid(e4ae2b9b64870864384cf228a7c7d866) Importer(815301076,1909f56bfc062723c751e8b465ee728b)
Start importing Assets/XR using Guid(e4ae2b9b64870864384cf228a7c7d866) Importer(815301076,1909f56bfc062723c751e8b465ee728b)  -> (artifact id: '73c6b421374065930c3454d9eae8db68') in 0.006961 seconds
  Import took 0.010516 seconds .

========================================================================
Received Import Request.
  Time since last request: 0.000225 seconds.
  path: Assets/XR/Settings/OpenXR Editor Settings.asset
  artifactKey: Guid(bfadc2d93d619204d9a5fbf718d19721) Importer(815301076,1909f56bfc062723c751e8b465ee728b)
Start importing Assets/XR/Settings/OpenXR Editor Settings.asset using Guid(bfadc2d93d619204d9a5fbf718d19721) Importer(815301076,1909f56bfc062723c751e8b465ee728b)  -> (artifact id: '15a2a5e173b41be0452e38d63724940c') in 0.024126 seconds
  Import took 0.035275 seconds .

========================================================================
Received Import Request.
  Time since last request: 0.000181 seconds.
  path: Assets/XR/XRGeneralSettings.asset
  artifactKey: Guid(50bb695a8a1825a43902061eb57f2919) Importer(815301076,1909f56bfc062723c751e8b465ee728b)
Start importing Assets/XR/XRGeneralSettings.asset using Guid(50bb695a8a1825a43902061eb57f2919) Importer(815301076,1909f56bfc062723c751e8b465ee728b) [XR] Error loading subsystem: Display (1) (header mismatch?)
 -> (artifact id: '4e37ec39b80811c35a9eda3cef91b5d4') in 0.018924 seconds
  Import took 0.021437 seconds .

========================================================================
Received Import Request.
  Time since last request: 31.799720 seconds.
  path: Assets/XR/Loaders/Open XR Loader No Pre Init.asset
  artifactKey: Guid(2789dbed3f49990408e291374ae00ea4) Importer(815301076,1909f56bfc062723c751e8b465ee728b)
Start importing Assets/XR/Loaders/Open XR Loader No Pre Init.asset using Guid(2789dbed3f49990408e291374ae00ea4) Importer(815301076,1909f56bfc062723c751e8b465ee728b)  -> (artifact id: 'ca2377a0d5606bf1f0c7b3d97a0265fe') in 0.008482 seconds
  Import took 0.011545 seconds .

========================================================================
Received Import Request.
  Time since last request: 0.000347 seconds.
  path: Assets/XR/Loaders/Open XR Loader.asset
  artifactKey: Guid(5a35243b54cc6ba47baf0a8c27164991) Importer(815301076,1909f56bfc062723c751e8b465ee728b)
Start importing Assets/XR/Loaders/Open XR Loader.asset using Guid(5a35243b54cc6ba47baf0a8c27164991) Importer(815301076,1909f56bfc062723c751e8b465ee728b)  -> (artifact id: '48120e37fd2d57c35833b5c612721280') in 0.007290 seconds
  Import took 0.010549 seconds .

========================================================================
Received Import Request.
  Time since last request: 13.584078 seconds.
  path: Assets/XR/Loaders
  artifactKey: Guid(35800e2f77afd284f930ae698bbd302a) Importer(815301076,1909f56bfc062723c751e8b465ee728b)
Start importing Assets/XR/Loaders using Guid(35800e2f77afd284f930ae698bbd302a) Importer(815301076,1909f56bfc062723c751e8b465ee728b)  -> (artifact id: 'f399d1cebcc3d60a0f42959655d4f8a2') in 0.010387 seconds
  Import took 0.013052 seconds .

========================================================================
Received Prepare
Registering precompiled user dll's ...
Registered in 0.014968 seconds.
Begin MonoManager ReloadAssembly
Native extension for WindowsStandalone target not found
Refreshing native plugins compatible for Editor in 0.62 ms, found 11 plugins.
Preloading 1 native plugins for Editor in 1.68 ms.
Invoked RoslynAnalysisRunner static constructor.
RoslynAnalysisRunner will not be running.
RoslynAnalysisRunner has terminated.
Mono: successfully reloaded assembly
- Completed reload, in  0.991 seconds
Platform modules already initialized, skipping
Refreshing native plugins compatible for Editor in 0.60 ms, found 11 plugins.
Preloading 1 native plugins for Editor in 0.10 ms.
Unloading 1736 Unused Serialized files (Serialized files now loaded: 0)
System memory in use before: 80.9 MB.
System memory in use after: 81.0 MB.

Unloading 21 unused Assets to reduce memory usage. Loaded Objects now: 2181.
Total: 2.622400 ms (FindLiveObjects: 0.211900 ms CreateObjectMapping: 0.073900 ms MarkObjects: 2.226500 ms  DeleteObjects: 0.108500 ms)

========================================================================
Received Import Request.
  Time since last request: 307.818382 seconds.
  path: Assets/XR/Loaders/Windows MR Loader.asset
  artifactKey: Guid(0c1ab47276159c84abe3b3ab905916e7) Importer(815301076,1909f56bfc062723c751e8b465ee728b)
Start importing Assets/XR/Loaders/Windows MR Loader.asset using Guid(0c1ab47276159c84abe3b3ab905916e7) Importer(815301076,1909f56bfc062723c751e8b465ee728b)  -> (artifact id: 'd4af2fada342ae2b7cd7c2dcb8b433a6') in 0.023074 seconds
  Import took 0.027998 seconds .

========================================================================
Received Prepare
Registering precompiled user dll's ...
Registered in 0.009078 seconds.
Begin MonoManager ReloadAssembly
Native extension for WindowsStandalone target not found
Refreshing native plugins compatible for Editor in 3.46 ms, found 14 plugins.
Preloading 2 native plugins for Editor in 6.61 ms.
Invoked RoslynAnalysisRunner static constructor.
RoslynAnalysisRunner will not be running.
RoslynAnalysisRunner has terminated.
[XR] OculusXRPlugin: registering subsystems
[XR] Unable to register display lifecyle provider: [1]
[XR] Oculus Input lifecycle provider registered.
[XR] Unable to register input lifecyle provider: [1]
NullReferenceException: Object reference not set to an instance of an object
  at Unity.XR.Oculus.OculusLoader.AssetPathToAbsolutePath (System.String assetPath) [0x00048] in C:\Users\Denis\Documents\RyhtmVRGAME\RythmVR\Library\PackageCache\com.unity.xr.oculus@1.7.0\Runtime\OculusLoader.cs:243 
  at Unity.XR.Oculus.OculusLoader.EditorLoadOVRPlugin () [0x0007b] in C:\Users\Denis\Documents\RyhtmVRGAME\RythmVR\Library\PackageCache\com.unity.xr.oculus@1.7.0\Runtime\OculusLoader.cs:228 

(Filename: Library/PackageCache/com.unity.xr.oculus@1.7.0/Runtime/OculusLoader.cs Line: 243)

Mono: successfully reloaded assembly
- Completed reload, in  1.168 seconds
Platform modules already initialized, skipping
Refreshing native plugins compatible for Editor in 0.66 ms, found 14 plugins.
Preloading 2 native plugins for Editor in 0.14 ms.
Unloading 1744 Unused Serialized files (Serialized files now loaded: 0)
System memory in use before: 81.6 MB.
System memory in use after: 81.6 MB.

Unloading 21 unused Assets to reduce memory usage. Loaded Objects now: 2210.
Total: 3.629000 ms (FindLiveObjects: 0.301400 ms CreateObjectMapping: 0.248900 ms MarkObjects: 2.979400 ms  DeleteObjects: 0.098000 ms)

========================================================================
Received Import Request.
  Time since last request: 21.913007 seconds.
  path: Assets/XR/Loaders/Oculus Loader.asset
  artifactKey: Guid(f90be193b6019dd499d005b2b2183703) Importer(815301076,1909f56bfc062723c751e8b465ee728b)
Start importing Assets/XR/Loaders/Oculus Loader.asset using Guid(f90be193b6019dd499d005b2b2183703) Importer(815301076,1909f56bfc062723c751e8b465ee728b)  -> (artifact id: '1106545bdb3d987652244df31647ef5b') in 0.019463 seconds
  Import took 0.022634 seconds .

========================================================================
Received Prepare
Registering precompiled user dll's ...
Registered in 0.010038 seconds.
Begin MonoManager ReloadAssembly
Native extension for WindowsStandalone target not found
Refreshing native plugins compatible for Editor in 0.64 ms, found 14 plugins.
Preloading 2 native plugins for Editor in 0.23 ms.
Invoked RoslynAnalysisRunner static constructor.
RoslynAnalysisRunner will not be running.
RoslynAnalysisRunner has terminated.
NullReferenceException: Object reference not set to an instance of an object
  at Unity.XR.Oculus.OculusLoader.AssetPathToAbsolutePath (System.String assetPath) [0x00048] in C:\Users\Denis\Documents\RyhtmVRGAME\RythmVR\Library\PackageCache\com.unity.xr.oculus@1.7.0\Runtime\OculusLoader.cs:243 
  at Unity.XR.Oculus.OculusLoader.EditorLoadOVRPlugin () [0x0007b] in C:\Users\Denis\Documents\RyhtmVRGAME\RythmVR\Library\PackageCache\com.unity.xr.oculus@1.7.0\Runtime\OculusLoader.cs:228 

(Filename: Library/PackageCache/com.unity.xr.oculus@1.7.0/Runtime/OculusLoader.cs Line: 243)

Mono: successfully reloaded assembly
- Completed reload, in  1.076 seconds
Platform modules already initialized, skipping
Refreshing native plugins compatible for Editor in 0.64 ms, found 14 plugins.
Preloading 2 native plugins for Editor in 0.14 ms.
Unloading 1843 Unused Serialized files (Serialized files now loaded: 0)
System memory in use before: 84.7 MB.
System memory in use after: 84.7 MB.

Unloading 21 unused Assets to reduce memory usage. Loaded Objects now: 2324.
Total: 3.046200 ms (FindLiveObjects: 0.510400 ms CreateObjectMapping: 0.134600 ms MarkObjects: 2.286000 ms  DeleteObjects: 0.113600 ms)

========================================================================
Received Import Request.
  Time since last request: 596.415172 seconds.
  path: Assets/Samples/XR Interaction Toolkit/0.10.0-preview.7/Default Input Actions
  artifactKey: Guid(490a42d6d7930ef419eda6231807938d) Importer(815301076,1909f56bfc062723c751e8b465ee728b)
Start importing Assets/Samples/XR Interaction Toolkit/0.10.0-preview.7/Default Input Actions using Guid(490a42d6d7930ef419eda6231807938d) Importer(815301076,1909f56bfc062723c751e8b465ee728b)  -> (artifact id: '011129c5fe18502b9f4785c328998ce3') in 0.020346 seconds
  Import took 0.028597 seconds .

========================================================================
Received Import Request.
  Time since last request: 131.436266 seconds.
  path: Assets/XR/Settings/Oculus Settings.asset
  artifactKey: Guid(edd017761cf58ee419441afdba5018e8) Importer(815301076,1909f56bfc062723c751e8b465ee728b)
Start importing Assets/XR/Settings/Oculus Settings.asset using Guid(edd017761cf58ee419441afdba5018e8) Importer(815301076,1909f56bfc062723c751e8b465ee728b)  -> (artifact id: '5e990903a0f78a6d9479a56b9b8bc7fb') in 0.024174 seconds
  Import took 0.027803 seconds .

========================================================================
Received Import Request.
  Time since last request: 0.000312 seconds.
  path: Assets/XR/Settings/Open XR Package Settings.asset
  artifactKey: Guid(28793055f78f82d468ffaf20d88382be) Importer(815301076,1909f56bfc062723c751e8b465ee728b)
Start importing Assets/XR/Settings/Open XR Package Settings.asset using Guid(28793055f78f82d468ffaf20d88382be) Importer(815301076,1909f56bfc062723c751e8b465ee728b)  -> (artifact id: '5fc4b98456c3a6b20f8872d460e306cc') in 0.034433 seconds
  Import took 0.037912 seconds .

========================================================================
Received Import Request.
  Time since last request: 0.000257 seconds.
  path: Assets/XR/Settings/Windows MR Package Settings.asset
  artifactKey: Guid(5b193b7b92baa7249b760bbfa1fb7493) Importer(815301076,1909f56bfc062723c751e8b465ee728b)
Start importing Assets/XR/Settings/Windows MR Package Settings.asset using Guid(5b193b7b92baa7249b760bbfa1fb7493) Importer(815301076,1909f56bfc062723c751e8b465ee728b)  -> (artifact id: '2e956cbc3b4121ab17c943cb6b9b3a97') in 0.013951 seconds
  Import took 0.017781 seconds .

========================================================================
Received Import Request.
  Time since last request: 5.268438 seconds.
  path: Assets/Samples
  artifactKey: Guid(856a9b633ec463442b1bc4746d191509) Importer(815301076,1909f56bfc062723c751e8b465ee728b)
Start importing Assets/Samples using Guid(856a9b633ec463442b1bc4746d191509) Importer(815301076,1909f56bfc062723c751e8b465ee728b)  -> (artifact id: 'a28c24ad0f76b2ff804319e7481767ec') in 0.010252 seconds
  Import took 0.018049 seconds .

========================================================================
Received Import Request.
  Time since last request: 0.948262 seconds.
  path: Assets/Samples/XR Interaction Toolkit
  artifactKey: Guid(030e036056cd12343bb962e52b43ca76) Importer(815301076,1909f56bfc062723c751e8b465ee728b)
Start importing Assets/Samples/XR Interaction Toolkit using Guid(030e036056cd12343bb962e52b43ca76) Importer(815301076,1909f56bfc062723c751e8b465ee728b)  -> (artifact id: '1caf77c6fae7f01da0a94cc3f4bcdd1e') in 0.013404 seconds
  Import took 0.019943 seconds .

========================================================================
Received Import Request.
  Time since last request: 0.635390 seconds.
  path: Assets/Samples/XR Interaction Toolkit/0.10.0-preview.7
  artifactKey: Guid(4630a902189a47c468223f0bd3aa5d2d) Importer(815301076,1909f56bfc062723c751e8b465ee728b)
Start importing Assets/Samples/XR Interaction Toolkit/0.10.0-preview.7 using Guid(4630a902189a47c468223f0bd3aa5d2d) Importer(815301076,1909f56bfc062723c751e8b465ee728b)  -> (artifact id: 'c033f55a581f0f62ecf4405c33215e3e') in 0.010597 seconds
  Import took 0.018437 seconds .

========================================================================
Received Import Request.
  Time since last request: 0.728964 seconds.
  path: Assets/Samples/XR Interaction Toolkit/0.10.0-preview.7/Default Input Actions/XRI Default Continuous Move.preset
  artifactKey: Guid(91f9da00cfdac5d49955df2d2d820b9c) Importer(815301076,1909f56bfc062723c751e8b465ee728b)
Start importing Assets/Samples/XR Interaction Toolkit/0.10.0-preview.7/Default Input Actions/XRI Default Continuous Move.preset using Guid(91f9da00cfdac5d49955df2d2d820b9c) Importer(815301076,1909f56bfc062723c751e8b465ee728b)  -> (artifact id: '76892da5ae2b0a1c3ad9961b92997dcb') in 0.039807 seconds
  Import took 0.044654 seconds .

========================================================================
Received Import Request.
  Time since last request: 0.000310 seconds.
  path: Assets/Samples/XR Interaction Toolkit/0.10.0-preview.7/Default Input Actions/XRI Default Left Controller.preset
  artifactKey: Guid(ffd8268f7307a0c48a067dad4a8fe060) Importer(815301076,1909f56bfc062723c751e8b465ee728b)
Start importing Assets/Samples/XR Interaction Toolkit/0.10.0-preview.7/Default Input Actions/XRI Default Left Controller.preset using Guid(ffd8268f7307a0c48a067dad4a8fe060) Importer(815301076,1909f56bfc062723c751e8b465ee728b)  -> (artifact id: 'b4df43b0796943351a56df51f2445d83') in 0.026991 seconds
  Import took 0.029928 seconds .

========================================================================
Received Import Request.
  Time since last request: 0.000207 seconds.
  path: Assets/Samples/XR Interaction Toolkit/0.10.0-preview.7/Default Input Actions/XRI Default Snap Turn.preset
  artifactKey: Guid(18697d253d848974aa7052cba872c9f0) Importer(815301076,1909f56bfc062723c751e8b465ee728b)
Start importing Assets/Samples/XR Interaction Toolkit/0.10.0-preview.7/Default Input Actions/XRI Default Snap Turn.preset using Guid(18697d253d848974aa7052cba872c9f0) Importer(815301076,1909f56bfc062723c751e8b465ee728b)  -> (artifact id: '706d75c3a904d3391dba3d0c861c3b64') in 0.013964 seconds
  Import took 0.018349 seconds .

========================================================================
Received Import Request.
  Time since last request: 0.000185 seconds.
  path: Assets/Samples/XR Interaction Toolkit/0.10.0-preview.7/Default Input Actions/XRI Default Input Actions.inputactions
  artifactKey: Guid(c348712bda248c246b8c49b3db54643f) Importer(815301076,1909f56bfc062723c751e8b465ee728b)
Start importing Assets/Samples/XR Interaction Toolkit/0.10.0-preview.7/Default Input Actions/XRI Default Input Actions.inputactions using Guid(c348712bda248c246b8c49b3db54643f) Importer(815301076,1909f56bfc062723c751e8b465ee728b)  -> (artifact id: 'b37b69742b585ccb2223d37d28658825') in 0.028813 seconds
  Import took 0.032467 seconds .

========================================================================
Received Import Request.
  Time since last request: 0.000049 seconds.
  path: Assets/Samples/XR Interaction Toolkit/0.10.0-preview.7/Default Input Actions/XRI Default Continuous Turn.preset
  artifactKey: Guid(0caad3af14f9a414dbdf25ed41e5aa47) Importer(815301076,1909f56bfc062723c751e8b465ee728b)
Start importing Assets/Samples/XR Interaction Toolkit/0.10.0-preview.7/Default Input Actions/XRI Default Continuous Turn.preset using Guid(0caad3af14f9a414dbdf25ed41e5aa47) Importer(815301076,1909f56bfc062723c751e8b465ee728b)  -> (artifact id: 'b3f1a1ae72e7173b81ba5a278765b912') in 0.015260 seconds
  Import took 0.018267 seconds .

========================================================================
Received Import Request.
  Time since last request: 0.000222 seconds.
  path: Assets/Samples/XR Interaction Toolkit/0.10.0-preview.7/Default Input Actions/XRI Default Right Controller.preset
  artifactKey: Guid(1421ad86ff3787b4dae70fe9e699a25f) Importer(815301076,1909f56bfc062723c751e8b465ee728b)
Start importing Assets/Samples/XR Interaction Toolkit/0.10.0-preview.7/Default Input Actions/XRI Default Right Controller.preset using Guid(1421ad86ff3787b4dae70fe9e699a25f) Importer(815301076,1909f56bfc062723c751e8b465ee728b)  -> (artifact id: '1054e8b6124577007cf8502ad8866e9a') in 0.013750 seconds
  Import took 0.016952 seconds .

AssetImportWorkerClient::OnTransportError - code=2 error=End of file
